<?xml version="1.0" encoding="UTF-8"?>
<!-- Generated by org.testng.reporters.JUnitXMLReporter -->
<testsuite hostname="Bobs-MBP.fios-router.home" ignored="1" name="Default test" tests="1" failures="0" timestamp="19 Feb 2020 02:58:22 GMT" time="43.804" errors="0">
  <testcase name="doSendAndClick" time="28.363" classname="Tests.VerizonPhoneFeauturesPageTest"/>
  <testcase name="selectedPhoneName" time="0.0" classname="Tests.VerizonPhoneFeauturesPageTest">
    <ignored/>
  </testcase> <!-- selectedPhoneName -->
</testsuite> <!-- Default test -->
