<?xml version="1.0" encoding="UTF-8"?>
<!-- Generated by org.testng.reporters.JUnitXMLReporter -->
<testsuite hostname="Feride-Air.home" name="Default test" tests="8" failures="0" timestamp="16 Mar 2020 01:09:47 GMT" time="118.698" errors="0">
  <testcase name="checkTitle" time="0.128" classname="Tests.HomePageTest"/>
  <testcase name="invisibleDropDownSelect" time="6.566" classname="Tests.HomePageTest"/>
  <testcase name="getTitle" time="0.126" classname="Tests.SmartPhonesTest"/>
  <testcase name="clickIphone11" time="5.711" classname="Tests.SmartPhonesTest"/>
  <testcase name="verifyTitle" time="0.095" classname="Tests.PhoneFeaturesTest"/>
  <testcase name="features" time="1.552" classname="Tests.PhoneFeaturesTest"/>
  <testcase name="allInOne" time="7.739" classname="Tests.PhoneFeaturesTest"/>
  <testcase name="checkPrice" time="7.205" classname="Tests.PhoneFeaturesTest"/>
</testsuite> <!-- Default test -->
