<?xml version="1.0" encoding="UTF-8"?>
<testng-results skipped="0" failed="0" ignored="0" total="1" passed="1">
  <reporter-output>
  </reporter-output>
  <suite name="Tests.GoogleMainPageTest" duration-ms="7434" started-at="2019-10-14T05:07:52Z" finished-at="2019-10-14T05:07:59Z">
    <groups>
    </groups>
    <test name="Command line test" duration-ms="7434" started-at="2019-10-14T05:07:52Z" finished-at="2019-10-14T05:07:59Z">
      <class name="Tests.GoogleMainPageTest">
        <test-method status="PASS" signature="setUp()[pri:0, instance:Tests.GoogleMainPageTest@3498ed]" name="setUp" is-config="true" duration-ms="7306" started-at="2019-10-14T05:07:52Z" finished-at="2019-10-14T05:07:59Z">
          <reporter-output>
          </reporter-output>
        </test-method> <!-- setUp -->
        <test-method status="PASS" signature="getTitle()[pri:0, instance:Tests.GoogleMainPageTest@3498ed]" name="getTitle" duration-ms="24" started-at="2019-10-14T05:07:59Z" finished-at="2019-10-14T05:07:59Z">
          <reporter-output>
          </reporter-output>
        </test-method> <!-- getTitle -->
        <test-method status="PASS" signature="tearDown()[pri:0, instance:Tests.GoogleMainPageTest@3498ed]" name="tearDown" is-config="true" duration-ms="81" started-at="2019-10-14T05:07:59Z" finished-at="2019-10-14T05:07:59Z">
          <reporter-output>
          </reporter-output>
        </test-method> <!-- tearDown -->
      </class> <!-- Tests.GoogleMainPageTest -->
    </test> <!-- Command line test -->
  </suite> <!-- Tests.GoogleMainPageTest -->
</testng-results>
