<?xml version="1.0" encoding="UTF-8"?>
<testng-results skipped="0" failed="1" ignored="0" total="8" passed="7">
  <reporter-output>
  </reporter-output>
  <suite name="Default suite" duration-ms="175409" started-at="2020-04-03T20:06:51 EDT" finished-at="2020-04-03T20:09:46 EDT">
    <groups>
    </groups>
    <test name="Default test" duration-ms="175409" started-at="2020-04-03T20:06:51 EDT" finished-at="2020-04-03T20:09:46 EDT">
      <class name="Tests.HomePageTest">
        <test-method status="PASS" signature="setup()[pri:0, instance:Tests.HomePageTest@5d76b067]" name="setup" is-config="true" duration-ms="10476" started-at="2020-04-03T20:06:51 EDT" finished-at="2020-04-03T20:07:02 EDT">
          <reporter-output>
          </reporter-output>
        </test-method> <!-- setup -->
        <test-method status="PASS" signature="checkTitle()[pri:1, instance:Tests.HomePageTest@5d76b067]" name="checkTitle" duration-ms="113" started-at="2020-04-03T20:07:02 EDT" description="Get home page title" finished-at="2020-04-03T20:07:02 EDT">
          <reporter-output>
          </reporter-output>
        </test-method> <!-- checkTitle -->
        <test-method status="PASS" signature="tearDown()[pri:0, instance:Tests.HomePageTest@5d76b067]" name="tearDown" is-config="true" duration-ms="188" started-at="2020-04-03T20:07:02 EDT" finished-at="2020-04-03T20:07:02 EDT">
          <reporter-output>
          </reporter-output>
        </test-method> <!-- tearDown -->
        <test-method status="PASS" signature="setup()[pri:0, instance:Tests.HomePageTest@5d76b067]" name="setup" is-config="true" duration-ms="5940" started-at="2020-04-03T20:07:02 EDT" finished-at="2020-04-03T20:07:08 EDT">
          <reporter-output>
          </reporter-output>
        </test-method> <!-- setup -->
        <test-method status="PASS" signature="invisibleDropDownSelect()[pri:2, instance:Tests.HomePageTest@5d76b067]" name="invisibleDropDownSelect" duration-ms="8304" started-at="2020-04-03T20:07:08 EDT" description="Open &amp; select main page dropDown menu" finished-at="2020-04-03T20:07:16 EDT">
          <reporter-output>
          </reporter-output>
        </test-method> <!-- invisibleDropDownSelect -->
        <test-method status="PASS" signature="tearDown()[pri:0, instance:Tests.HomePageTest@5d76b067]" name="tearDown" is-config="true" duration-ms="309" started-at="2020-04-03T20:07:16 EDT" finished-at="2020-04-03T20:07:16 EDT">
          <reporter-output>
          </reporter-output>
        </test-method> <!-- tearDown -->
      </class> <!-- Tests.HomePageTest -->
      <class name="Tests.PhoneFeaturesTest">
        <test-method status="PASS" signature="setUp()[pri:0, instance:Tests.PhoneFeaturesTest@4f063c0a]" name="setUp" is-config="true" duration-ms="16779" started-at="2020-04-03T20:07:43 EDT" finished-at="2020-04-03T20:07:59 EDT">
          <reporter-output>
          </reporter-output>
        </test-method> <!-- setUp -->
        <test-method status="FAIL" signature="verifyTitle()[pri:1, instance:Tests.PhoneFeaturesTest@4f063c0a]" name="verifyTitle" duration-ms="20522" started-at="2020-04-03T20:07:59 EDT" description="Verify title" finished-at="2020-04-03T20:08:20 EDT">
          <exception class="org.openqa.selenium.TimeoutException">
            <message>
              <![CDATA[Expected condition failed: waiting for title to contain "Apple iPhone 11: Colors, Cameras & More | Buy Today at Verizon". Current title: "New Apple iPhone 11 - 6 Cool Colors & Dual Camera | Best Price" (tried for 20 second(s) with 500 milliseconds interval)
Build info: version: '3.141.59', revision: 'e82be7d358', time: '2018-11-14T08:17:03'
System info: host: 'Feride-Air.home', ip: 'fe80:0:0:0:1455:dcef:87bf:f775%en0', os.name: 'Mac OS X', os.arch: 'x86_64', os.version: '10.15.4', java.version: '1.8.0_221'
Driver info: org.openqa.selenium.chrome.ChromeDriver
Capabilities {acceptInsecureCerts: false, browserName: chrome, browserVersion: 80.0.3987.149, chrome: {chromedriverVersion: 79.0.3945.36 (3582db32b3389..., userDataDir: /var/folders/v3/fkfmgb1j1kl...}, goog:chromeOptions: {debuggerAddress: localhost:51525}, javascriptEnabled: true, networkConnectionEnabled: false, pageLoadStrategy: normal, platform: MAC, platformName: MAC, proxy: Proxy(), setWindowRect: true, strictFileInteractability: false, timeouts: {implicit: 0, pageLoad: 300000, script: 30000}, unhandledPromptBehavior: dismiss and notify}
Session ID: f95b0820e04e5877baa7d42f51d5c5a8]]>
            </message>
            <full-stacktrace>
              <![CDATA[org.openqa.selenium.TimeoutException: Expected condition failed: waiting for title to contain "Apple iPhone 11: Colors, Cameras & More | Buy Today at Verizon". Current title: "New Apple iPhone 11 - 6 Cool Colors & Dual Camera | Best Price" (tried for 20 second(s) with 500 milliseconds interval)
Build info: version: '3.141.59', revision: 'e82be7d358', time: '2018-11-14T08:17:03'
System info: host: 'Feride-Air.home', ip: 'fe80:0:0:0:1455:dcef:87bf:f775%en0', os.name: 'Mac OS X', os.arch: 'x86_64', os.version: '10.15.4', java.version: '1.8.0_221'
Driver info: org.openqa.selenium.chrome.ChromeDriver
Capabilities {acceptInsecureCerts: false, browserName: chrome, browserVersion: 80.0.3987.149, chrome: {chromedriverVersion: 79.0.3945.36 (3582db32b3389..., userDataDir: /var/folders/v3/fkfmgb1j1kl...}, goog:chromeOptions: {debuggerAddress: localhost:51525}, javascriptEnabled: true, networkConnectionEnabled: false, pageLoadStrategy: normal, platform: MAC, platformName: MAC, proxy: Proxy(), setWindowRect: true, strictFileInteractability: false, timeouts: {implicit: 0, pageLoad: 300000, script: 30000}, unhandledPromptBehavior: dismiss and notify}
Session ID: f95b0820e04e5877baa7d42f51d5c5a8
at org.openqa.selenium.support.ui.WebDriverWait.timeoutException(WebDriverWait.java:95)
at org.openqa.selenium.support.ui.FluentWait.until(FluentWait.java:272)
at Utilities.ElementUtil.waitForGetPageTitle(ElementUtil.java:108)
at Pages.PhoneFeatures.getTitle(PhoneFeatures.java:33)
at Tests.PhoneFeaturesTest.verifyTitle(PhoneFeaturesTest.java:39)
at sun.reflect.NativeMethodAccessorImpl.invoke0(Native Method)
at sun.reflect.NativeMethodAccessorImpl.invoke(NativeMethodAccessorImpl.java:62)
at sun.reflect.DelegatingMethodAccessorImpl.invoke(DelegatingMethodAccessorImpl.java:43)
at java.lang.reflect.Method.invoke(Method.java:498)
at org.testng.internal.MethodInvocationHelper.invokeMethod(MethodInvocationHelper.java:134)
at org.testng.internal.TestInvoker.invokeMethod(TestInvoker.java:597)
at org.testng.internal.TestInvoker.invokeTestMethod(TestInvoker.java:173)
at org.testng.internal.MethodRunner.runInSequence(MethodRunner.java:46)
at org.testng.internal.TestInvoker$MethodInvocationAgent.invoke(TestInvoker.java:816)
at org.testng.internal.TestInvoker.invokeTestMethods(TestInvoker.java:146)
at org.testng.internal.TestMethodWorker.invokeTestMethods(TestMethodWorker.java:146)
at org.testng.internal.TestMethodWorker.run(TestMethodWorker.java:128)
at java.util.ArrayList.forEach(ArrayList.java:1257)
at org.testng.TestRunner.privateRun(TestRunner.java:766)
at org.testng.TestRunner.run(TestRunner.java:587)
at org.testng.SuiteRunner.runTest(SuiteRunner.java:384)
at org.testng.SuiteRunner.runSequentially(SuiteRunner.java:378)
at org.testng.SuiteRunner.privateRun(SuiteRunner.java:337)
at org.testng.SuiteRunner.run(SuiteRunner.java:286)
at org.testng.SuiteRunnerWorker.runSuite(SuiteRunnerWorker.java:53)
at org.testng.SuiteRunnerWorker.run(SuiteRunnerWorker.java:96)
at org.testng.TestNG.runSuitesSequentially(TestNG.java:1187)
at org.testng.TestNG.runSuitesLocally(TestNG.java:1109)
at org.testng.TestNG.runSuites(TestNG.java:1039)
at org.testng.TestNG.run(TestNG.java:1007)
at org.testng.remote.AbstractRemoteTestNG.run(AbstractRemoteTestNG.java:115)
at org.testng.remote.RemoteTestNG.initAndRun(RemoteTestNG.java:251)
at org.testng.remote.RemoteTestNG.main(RemoteTestNG.java:77)
]]>
            </full-stacktrace>
          </exception> <!-- org.openqa.selenium.TimeoutException -->
          <reporter-output>
          </reporter-output>
        </test-method> <!-- verifyTitle -->
        <test-method status="PASS" signature="tearDown()[pri:0, instance:Tests.PhoneFeaturesTest@4f063c0a]" name="tearDown" is-config="true" duration-ms="395" started-at="2020-04-03T20:08:20 EDT" finished-at="2020-04-03T20:08:20 EDT">
          <reporter-output>
          </reporter-output>
        </test-method> <!-- tearDown -->
        <test-method status="PASS" signature="setUp()[pri:0, instance:Tests.PhoneFeaturesTest@4f063c0a]" name="setUp" is-config="true" duration-ms="17339" started-at="2020-04-03T20:08:20 EDT" finished-at="2020-04-03T20:08:38 EDT">
          <reporter-output>
          </reporter-output>
        </test-method> <!-- setUp -->
        <test-method status="PASS" signature="features()[pri:2, instance:Tests.PhoneFeaturesTest@4f063c0a]" name="features" duration-ms="1601" started-at="2020-04-03T20:08:38 EDT" description="Checking for selections" finished-at="2020-04-03T20:08:39 EDT">
          <reporter-output>
          </reporter-output>
        </test-method> <!-- features -->
        <test-method status="PASS" signature="tearDown()[pri:0, instance:Tests.PhoneFeaturesTest@4f063c0a]" name="tearDown" is-config="true" duration-ms="307" started-at="2020-04-03T20:08:39 EDT" finished-at="2020-04-03T20:08:39 EDT">
          <reporter-output>
          </reporter-output>
        </test-method> <!-- tearDown -->
        <test-method status="PASS" signature="setUp()[pri:0, instance:Tests.PhoneFeaturesTest@4f063c0a]" name="setUp" is-config="true" duration-ms="16953" started-at="2020-04-03T20:08:39 EDT" finished-at="2020-04-03T20:08:56 EDT">
          <reporter-output>
          </reporter-output>
        </test-method> <!-- setUp -->
        <test-method status="PASS" signature="allInOne()[pri:3, instance:Tests.PhoneFeaturesTest@4f063c0a]" name="allInOne" duration-ms="25171" started-at="2020-04-03T20:08:56 EDT" description="Page 3 test" finished-at="2020-04-03T20:09:22 EDT">
          <reporter-output>
          </reporter-output>
        </test-method> <!-- allInOne -->
        <test-method status="PASS" signature="tearDown()[pri:0, instance:Tests.PhoneFeaturesTest@4f063c0a]" name="tearDown" is-config="true" duration-ms="508" started-at="2020-04-03T20:09:22 EDT" finished-at="2020-04-03T20:09:22 EDT">
          <reporter-output>
          </reporter-output>
        </test-method> <!-- tearDown -->
        <test-method status="PASS" signature="setUp()[pri:0, instance:Tests.PhoneFeaturesTest@4f063c0a]" name="setUp" is-config="true" duration-ms="15935" started-at="2020-04-03T20:09:22 EDT" finished-at="2020-04-03T20:09:38 EDT">
          <reporter-output>
          </reporter-output>
        </test-method> <!-- setUp -->
        <test-method status="PASS" signature="checkPrice()[pri:4, instance:Tests.PhoneFeaturesTest@4f063c0a]" name="checkPrice" duration-ms="7955" started-at="2020-04-03T20:09:38 EDT" description="Run Test Start to Finish" finished-at="2020-04-03T20:09:46 EDT">
          <reporter-output>
          </reporter-output>
        </test-method> <!-- checkPrice -->
        <test-method status="PASS" signature="tearDown()[pri:0, instance:Tests.PhoneFeaturesTest@4f063c0a]" name="tearDown" is-config="true" duration-ms="405" started-at="2020-04-03T20:09:46 EDT" finished-at="2020-04-03T20:09:46 EDT">
          <reporter-output>
          </reporter-output>
        </test-method> <!-- tearDown -->
      </class> <!-- Tests.PhoneFeaturesTest -->
      <class name="Tests.SmartPhonesTest">
        <test-method status="PASS" signature="setUp()[pri:0, instance:Tests.SmartPhonesTest@2a17b7b6]" name="setUp" is-config="true" duration-ms="12412" started-at="2020-04-03T20:07:16 EDT" finished-at="2020-04-03T20:07:29 EDT">
          <reporter-output>
          </reporter-output>
        </test-method> <!-- setUp -->
        <test-method status="PASS" signature="getTitle()[pri:1, instance:Tests.SmartPhonesTest@2a17b7b6]" name="getTitle" duration-ms="115" started-at="2020-04-03T20:07:29 EDT" description="Get home page title" finished-at="2020-04-03T20:07:29 EDT">
          <reporter-output>
          </reporter-output>
        </test-method> <!-- getTitle -->
        <test-method status="PASS" signature="tearDown()[pri:0, instance:Tests.SmartPhonesTest@2a17b7b6]" name="tearDown" is-config="true" duration-ms="277" started-at="2020-04-03T20:07:29 EDT" finished-at="2020-04-03T20:07:29 EDT">
          <reporter-output>
          </reporter-output>
        </test-method> <!-- tearDown -->
        <test-method status="PASS" signature="setUp()[pri:0, instance:Tests.SmartPhonesTest@2a17b7b6]" name="setUp" is-config="true" duration-ms="11515" started-at="2020-04-03T20:07:29 EDT" finished-at="2020-04-03T20:07:41 EDT">
          <reporter-output>
          </reporter-output>
        </test-method> <!-- setUp -->
        <test-method status="PASS" signature="clickIphone11()[pri:2, instance:Tests.SmartPhonesTest@2a17b7b6]" name="clickIphone11" duration-ms="1514" started-at="2020-04-03T20:07:41 EDT" description="Click on Iphone 11" finished-at="2020-04-03T20:07:42 EDT">
          <reporter-output>
          </reporter-output>
        </test-method> <!-- clickIphone11 -->
        <test-method status="PASS" signature="tearDown()[pri:0, instance:Tests.SmartPhonesTest@2a17b7b6]" name="tearDown" is-config="true" duration-ms="298" started-at="2020-04-03T20:07:42 EDT" finished-at="2020-04-03T20:07:43 EDT">
          <reporter-output>
          </reporter-output>
        </test-method> <!-- tearDown -->
      </class> <!-- Tests.SmartPhonesTest -->
    </test> <!-- Default test -->
  </suite> <!-- Default suite -->
</testng-results>
